Build started 5/3/2015 4:54:41 PM.
     1>Project "C:\Users\Sam\Documents\Visual Studio 2010\Projects\ray\ray\ray.vcxproj" on node 2 (build target(s)).
     1>InitializeBuildStatus:
         Creating "Release\ray.unsuccessfulbuild" because "AlwaysCreate" was specified.
       ClCompile:
         c:\Program Files (x86)\Microsoft Visual Studio 10.0\VC\bin\CL.exe /c /Zi /nologo /W3 /WX- /O2 /Oy- /GL /D WIN32 /D NDEBUG /D _CONSOLE /D _UNICODE /D UNICODE /Gm- /EHsc /MD /GS /fp:precise /Zc:wchar_t /Zc:forScope /Fo"Release\\" /Fd"Release\vc100.pdb" /Gd /TP /analyze- /errorReport:prompt udray.cpp
         udray.cpp
     1>udray.cpp(394): warning C4018: '<=' : signed/unsigned mismatch
     1>udray.cpp(429): warning C4018: '<' : signed/unsigned mismatch
     1>udray.cpp(680): warning C4996: 'fopen': This function or variable may be unsafe. Consider using fopen_s instead. To disable deprecation, use _CRT_SECURE_NO_WARNINGS. See online help for details.
                 c:\Program Files (x86)\Microsoft Visual Studio 10.0\VC\include\stdio.h(234) : see declaration of 'fopen'
     1>udray.cpp(687): warning C4996: 'fscanf': This function or variable may be unsafe. Consider using fscanf_s instead. To disable deprecation, use _CRT_SECURE_NO_WARNINGS. See online help for details.
                 c:\Program Files (x86)\Microsoft Visual Studio 10.0\VC\include\stdio.h(253) : see declaration of 'fscanf'
     1>udray.cpp(696): warning C4996: 'fscanf': This function or variable may be unsafe. Consider using fscanf_s instead. To disable deprecation, use _CRT_SECURE_NO_WARNINGS. See online help for details.
                 c:\Program Files (x86)\Microsoft Visual Studio 10.0\VC\include\stdio.h(253) : see declaration of 'fscanf'
     1>udray.cpp(700): warning C4996: 'fscanf': This function or variable may be unsafe. Consider using fscanf_s instead. To disable deprecation, use _CRT_SECURE_NO_WARNINGS. See online help for details.
                 c:\Program Files (x86)\Microsoft Visual Studio 10.0\VC\include\stdio.h(253) : see declaration of 'fscanf'
     1>udray.cpp(744): warning C4996: 'fscanf': This function or variable may be unsafe. Consider using fscanf_s instead. To disable deprecation, use _CRT_SECURE_NO_WARNINGS. See online help for details.
                 c:\Program Files (x86)\Microsoft Visual Studio 10.0\VC\include\stdio.h(253) : see declaration of 'fscanf'
     1>udray.cpp(804): warning C4996: 'fscanf': This function or variable may be unsafe. Consider using fscanf_s instead. To disable deprecation, use _CRT_SECURE_NO_WARNINGS. See online help for details.
                 c:\Program Files (x86)\Microsoft Visual Studio 10.0\VC\include\stdio.h(253) : see declaration of 'fscanf'
     1>udray.cpp(827): warning C4996: 'fscanf': This function or variable may be unsafe. Consider using fscanf_s instead. To disable deprecation, use _CRT_SECURE_NO_WARNINGS. See online help for details.
                 c:\Program Files (x86)\Microsoft Visual Studio 10.0\VC\include\stdio.h(253) : see declaration of 'fscanf'
     1>udray.cpp(672): warning C4101: 'Rmat' : unreferenced local variable
     1>udray.cpp(880): warning C4996: 'fopen': This function or variable may be unsafe. Consider using fopen_s instead. To disable deprecation, use _CRT_SECURE_NO_WARNINGS. See online help for details.
                 c:\Program Files (x86)\Microsoft Visual Studio 10.0\VC\include\stdio.h(234) : see declaration of 'fopen'
       Link:
         c:\Program Files (x86)\Microsoft Visual Studio 10.0\VC\bin\link.exe /ERRORREPORT:PROMPT /OUT:"C:\Users\Sam\Documents\Visual Studio 2010\Projects\ray\Release\ray.exe" /INCREMENTAL:NO /NOLOGO kernel32.lib user32.lib gdi32.lib winspool.lib comdlg32.lib advapi32.lib shell32.lib ole32.lib oleaut32.lib uuid.lib odbc32.lib odbccp32.lib /MANIFEST /ManifestFile:"Release\ray.exe.intermediate.manifest" /MANIFESTUAC:"level='asInvoker' uiAccess='false'" /DEBUG /PDB:"C:\Users\Sam\Documents\Visual Studio 2010\Projects\ray\Release\ray.pdb" /SUBSYSTEM:CONSOLE /OPT:REF /OPT:ICF /LTCG /TLBID:1 /DYNAMICBASE /NXCOMPAT /IMPLIB:"C:\Users\Sam\Documents\Visual Studio 2010\Projects\ray\Release\ray.lib" /MACHINE:X86 Release\glm.obj
         Release\ray.obj
         Release\udray.obj
         Generating code
         Finished generating code
         ray.vcxproj -> C:\Users\Sam\Documents\Visual Studio 2010\Projects\ray\Release\ray.exe
       Manifest:
         C:\Program Files (x86)\Microsoft SDKs\Windows\v7.0A\bin\mt.exe /nologo /verbose /outputresource:"C:\Users\Sam\Documents\Visual Studio 2010\Projects\ray\Release\ray.exe;#1" /manifest Release\ray.exe.intermediate.manifest
       FinalizeBuildStatus:
         Deleting file "Release\ray.unsuccessfulbuild".
         Touching "Release\ray.lastbuildstate".
     1>Done Building Project "C:\Users\Sam\Documents\Visual Studio 2010\Projects\ray\ray\ray.vcxproj" (build target(s)).

Build succeeded.

Time Elapsed 00:00:01.20
